<?xml version="1.0" encoding="UTF-8"?>
<testng-results ignored="0" total="1" passed="1" failed="0" skipped="0">
  <reporter-output>
  </reporter-output>
  <suite started-at="2024-08-04T13:43:29 IST" name="Default suite" finished-at="2024-08-04T13:43:42 IST" duration-ms="12764">
    <groups>
    </groups>
    <test started-at="2024-08-04T13:43:29 IST" name="Default test" finished-at="2024-08-04T13:43:42 IST" duration-ms="12764">
      <class name="mmt.FlightPageNavigation">
        <test-method is-config="true" signature="setUp()[pri:0, instance:mmt.FlightPageNavigation@6f15d60e]" started-at="2024-08-04T13:43:29 IST" name="setUp" finished-at="2024-08-04T13:43:32 IST" duration-ms="2582" status="PASS">
          <reporter-output>
          </reporter-output>
        </test-method> <!-- setUp -->
        <test-method signature="testFlightPageNavigation()[pri:0, instance:mmt.FlightPageNavigation@6f15d60e]" started-at="2024-08-04T13:43:32 IST" name="testFlightPageNavigation" finished-at="2024-08-04T13:43:42 IST" duration-ms="10019" status="PASS">
          <reporter-output>
          </reporter-output>
        </test-method> <!-- testFlightPageNavigation -->
        <test-method is-config="true" signature="tearDown()[pri:0, instance:mmt.FlightPageNavigation@6f15d60e]" started-at="2024-08-04T13:43:42 IST" name="tearDown" finished-at="2024-08-04T13:43:42 IST" duration-ms="127" status="PASS">
          <reporter-output>
          </reporter-output>
        </test-method> <!-- tearDown -->
      </class> <!-- mmt.FlightPageNavigation -->
    </test> <!-- Default test -->
  </suite> <!-- Default suite -->
</testng-results>
